<?xml version="1.0" encoding="UTF-8"?>
<!-- Generated by org.testng.reporters.JUnitReportReporter -->
<testsuite hostname="LAPTOP-8SEKENFG" failures="0" tests="1" name="com.actitime.testscript.customermodule" time="0.011" errors="0" timestamp="2024-10-23T10:03:03 IST" skipped="0">
  <testcase classname="com.actitime.testscript.customermodule" name="createcustomer" time="0.011">
    <system-out>
      <![CDATA[create customer]]>
    </system-out>
  </testcase> <!-- createcustomer -->
  <system-out>
    <![CDATA[create customer]]>
  </system-out>
</testsuite> <!-- com.actitime.testscript.customermodule -->
