<?xml version="1.0" encoding="UTF-8"?>
<!-- Generated by org.testng.reporters.JUnitReportReporter -->
<testsuite hostname="LAPTOP-8SEKENFG" failures="0" tests="1" name="com.actitime.testscript.customermodule" time="10.158" errors="0" timestamp="2024-10-24T12:26:29 IST" skipped="0">
  <testcase classname="com.actitime.testscript.customermodule" name="createcustomer" time="10.158"/>
</testsuite> <!-- com.actitime.testscript.customermodule -->
